mode: set
github.com/SonnLarissa/wallet/pkg/wallet/service.go:26.78,27.37 1 1
github.com/SonnLarissa/wallet/pkg/wallet/service.go:32.2,39.21 4 1
github.com/SonnLarissa/wallet/pkg/wallet/service.go:27.37,28.29 1 0
github.com/SonnLarissa/wallet/pkg/wallet/service.go:28.29,30.4 1 0
github.com/SonnLarissa/wallet/pkg/wallet/service.go:42.70,43.17 1 1
github.com/SonnLarissa/wallet/pkg/wallet/service.go:46.2,47.33 2 1
github.com/SonnLarissa/wallet/pkg/wallet/service.go:56.2,57.12 2 1
github.com/SonnLarissa/wallet/pkg/wallet/service.go:43.17,45.3 1 0
github.com/SonnLarissa/wallet/pkg/wallet/service.go:47.33,48.26 1 1
github.com/SonnLarissa/wallet/pkg/wallet/service.go:52.3,52.21 1 0
github.com/SonnLarissa/wallet/pkg/wallet/service.go:48.26,50.9 2 1
github.com/SonnLarissa/wallet/pkg/wallet/service.go:52.21,54.4 1 0
github.com/SonnLarissa/wallet/pkg/wallet/service.go:60.112,61.17 1 1
github.com/SonnLarissa/wallet/pkg/wallet/service.go:64.2,65.33 2 1
github.com/SonnLarissa/wallet/pkg/wallet/service.go:71.2,71.20 1 1
github.com/SonnLarissa/wallet/pkg/wallet/service.go:74.2,74.30 1 1
github.com/SonnLarissa/wallet/pkg/wallet/service.go:77.2,87.21 5 1
github.com/SonnLarissa/wallet/pkg/wallet/service.go:61.17,63.3 1 0
github.com/SonnLarissa/wallet/pkg/wallet/service.go:65.33,66.22 1 1
github.com/SonnLarissa/wallet/pkg/wallet/service.go:66.22,68.9 2 1
github.com/SonnLarissa/wallet/pkg/wallet/service.go:71.20,73.3 1 0
github.com/SonnLarissa/wallet/pkg/wallet/service.go:74.30,76.3 1 0
github.com/SonnLarissa/wallet/pkg/wallet/service.go:90.76,92.33 2 1
github.com/SonnLarissa/wallet/pkg/wallet/service.go:98.2,98.20 1 1
github.com/SonnLarissa/wallet/pkg/wallet/service.go:101.2,101.21 1 1
github.com/SonnLarissa/wallet/pkg/wallet/service.go:92.33,93.26 1 1
github.com/SonnLarissa/wallet/pkg/wallet/service.go:93.26,95.9 2 1
github.com/SonnLarissa/wallet/pkg/wallet/service.go:98.20,100.3 1 1
github.com/SonnLarissa/wallet/pkg/wallet/service.go:104.50,106.37 2 1
github.com/SonnLarissa/wallet/pkg/wallet/service.go:112.2,112.19 1 1
github.com/SonnLarissa/wallet/pkg/wallet/service.go:115.2,116.33 2 1
github.com/SonnLarissa/wallet/pkg/wallet/service.go:122.2,122.26 1 1
github.com/SonnLarissa/wallet/pkg/wallet/service.go:125.2,127.12 3 1
github.com/SonnLarissa/wallet/pkg/wallet/service.go:106.37,107.30 1 1
github.com/SonnLarissa/wallet/pkg/wallet/service.go:107.30,109.9 2 1
github.com/SonnLarissa/wallet/pkg/wallet/service.go:112.19,114.3 1 1
github.com/SonnLarissa/wallet/pkg/wallet/service.go:116.33,117.33 1 1
github.com/SonnLarissa/wallet/pkg/wallet/service.go:117.33,119.9 2 1
github.com/SonnLarissa/wallet/pkg/wallet/service.go:122.26,124.3 1 0
github.com/SonnLarissa/wallet/pkg/wallet/service.go:131.77,132.34 1 1
github.com/SonnLarissa/wallet/pkg/wallet/service.go:137.2,137.32 1 1
github.com/SonnLarissa/wallet/pkg/wallet/service.go:132.34,133.27 1 1
github.com/SonnLarissa/wallet/pkg/wallet/service.go:133.27,135.4 1 1
github.com/SonnLarissa/wallet/pkg/wallet/service.go:140.80,141.36 1 1
github.com/SonnLarissa/wallet/pkg/wallet/service.go:146.2,146.32 1 1
github.com/SonnLarissa/wallet/pkg/wallet/service.go:141.36,142.29 1 1
github.com/SonnLarissa/wallet/pkg/wallet/service.go:142.29,144.4 1 1
github.com/SonnLarissa/wallet/pkg/wallet/service.go:149.68,151.15 2 1
github.com/SonnLarissa/wallet/pkg/wallet/service.go:154.2,155.15 2 1
github.com/SonnLarissa/wallet/pkg/wallet/service.go:158.2,158.17 1 1
github.com/SonnLarissa/wallet/pkg/wallet/service.go:151.15,153.3 1 1
github.com/SonnLarissa/wallet/pkg/wallet/service.go:155.15,157.3 1 0
github.com/SonnLarissa/wallet/pkg/wallet/service.go:161.91,162.39 1 1
github.com/SonnLarissa/wallet/pkg/wallet/service.go:167.2,168.16 2 1
github.com/SonnLarissa/wallet/pkg/wallet/service.go:171.2,179.22 4 1
github.com/SonnLarissa/wallet/pkg/wallet/service.go:162.39,163.28 1 1
github.com/SonnLarissa/wallet/pkg/wallet/service.go:163.28,165.4 1 0
github.com/SonnLarissa/wallet/pkg/wallet/service.go:168.16,170.3 1 0
github.com/SonnLarissa/wallet/pkg/wallet/service.go:182.78,184.15 2 1
github.com/SonnLarissa/wallet/pkg/wallet/service.go:187.2,187.55 1 1
github.com/SonnLarissa/wallet/pkg/wallet/service.go:184.15,186.3 1 1
