mode: set
github.com/SonnLarissa/wallet/pkg/wallet/service.go:23.78,24.37 1 1
github.com/SonnLarissa/wallet/pkg/wallet/service.go:29.2,36.21 4 1
github.com/SonnLarissa/wallet/pkg/wallet/service.go:24.37,25.29 1 0
github.com/SonnLarissa/wallet/pkg/wallet/service.go:25.29,27.4 1 0
github.com/SonnLarissa/wallet/pkg/wallet/service.go:39.70,40.17 1 1
github.com/SonnLarissa/wallet/pkg/wallet/service.go:43.2,44.33 2 1
github.com/SonnLarissa/wallet/pkg/wallet/service.go:53.2,54.12 2 1
github.com/SonnLarissa/wallet/pkg/wallet/service.go:40.17,42.3 1 0
github.com/SonnLarissa/wallet/pkg/wallet/service.go:44.33,45.26 1 1
github.com/SonnLarissa/wallet/pkg/wallet/service.go:49.3,49.21 1 0
github.com/SonnLarissa/wallet/pkg/wallet/service.go:45.26,47.9 2 1
github.com/SonnLarissa/wallet/pkg/wallet/service.go:49.21,51.4 1 0
github.com/SonnLarissa/wallet/pkg/wallet/service.go:57.112,58.17 1 1
github.com/SonnLarissa/wallet/pkg/wallet/service.go:61.2,62.33 2 1
github.com/SonnLarissa/wallet/pkg/wallet/service.go:68.2,68.20 1 1
github.com/SonnLarissa/wallet/pkg/wallet/service.go:71.2,71.30 1 1
github.com/SonnLarissa/wallet/pkg/wallet/service.go:74.2,84.21 5 1
github.com/SonnLarissa/wallet/pkg/wallet/service.go:58.17,60.3 1 0
github.com/SonnLarissa/wallet/pkg/wallet/service.go:62.33,63.22 1 1
github.com/SonnLarissa/wallet/pkg/wallet/service.go:63.22,65.9 2 1
github.com/SonnLarissa/wallet/pkg/wallet/service.go:68.20,70.3 1 0
github.com/SonnLarissa/wallet/pkg/wallet/service.go:71.30,73.3 1 0
github.com/SonnLarissa/wallet/pkg/wallet/service.go:87.76,89.33 2 1
github.com/SonnLarissa/wallet/pkg/wallet/service.go:95.2,95.20 1 1
github.com/SonnLarissa/wallet/pkg/wallet/service.go:98.2,98.21 1 1
github.com/SonnLarissa/wallet/pkg/wallet/service.go:89.33,90.26 1 1
github.com/SonnLarissa/wallet/pkg/wallet/service.go:90.26,92.9 2 1
github.com/SonnLarissa/wallet/pkg/wallet/service.go:95.20,97.3 1 1
github.com/SonnLarissa/wallet/pkg/wallet/service.go:103.50,105.37 2 1
github.com/SonnLarissa/wallet/pkg/wallet/service.go:111.2,111.19 1 1
github.com/SonnLarissa/wallet/pkg/wallet/service.go:114.2,115.33 2 1
github.com/SonnLarissa/wallet/pkg/wallet/service.go:121.2,121.26 1 1
github.com/SonnLarissa/wallet/pkg/wallet/service.go:124.2,126.12 3 1
github.com/SonnLarissa/wallet/pkg/wallet/service.go:105.37,106.30 1 1
github.com/SonnLarissa/wallet/pkg/wallet/service.go:106.30,108.9 2 1
github.com/SonnLarissa/wallet/pkg/wallet/service.go:111.19,113.3 1 1
github.com/SonnLarissa/wallet/pkg/wallet/service.go:115.33,116.33 1 1
github.com/SonnLarissa/wallet/pkg/wallet/service.go:116.33,118.9 2 1
github.com/SonnLarissa/wallet/pkg/wallet/service.go:121.26,123.3 1 0
github.com/SonnLarissa/wallet/pkg/wallet/service.go:132.77,133.34 1 1
github.com/SonnLarissa/wallet/pkg/wallet/service.go:138.2,138.32 1 0
github.com/SonnLarissa/wallet/pkg/wallet/service.go:133.34,134.27 1 1
github.com/SonnLarissa/wallet/pkg/wallet/service.go:134.27,136.4 1 1
